This is pdfTeX, Version 3.14159265-2.6-1.40.17 (TeX Live 2016) (preloaded format=pdflatex 2016.9.1)  18 JAN 2018 20:45
entering extended mode
 restricted \write18 enabled.
 %&-line parsing enabled.
**document.tex
(./document.tex
LaTeX2e <2016/03/31>
Babel <3.9r> and hyphenation patterns for 83 language(s) loaded.
(/usr/local/texlive/2016/texmf-dist/tex/latex/base/article.cls
Document Class: article 2014/09/29 v1.4h Standard LaTeX document class
(/usr/local/texlive/2016/texmf-dist/tex/latex/base/size10.clo
File: size10.clo 2014/09/29 v1.4h Standard LaTeX file (size option)
)
\c@part=\count79
\c@section=\count80
\c@subsection=\count81
\c@subsubsection=\count82
\c@paragraph=\count83
\c@subparagraph=\count84
\c@figure=\count85
\c@table=\count86
\abovecaptionskip=\skip41
\belowcaptionskip=\skip42
\bibindent=\dimen102
)
(./nips15submit_e.sty
(/usr/local/texlive/2016/texmf-dist/tex/latex/eso-pic/eso-pic.sty
Package: eso-pic 2015/07/21 v2.0g eso-pic (RN)

(/usr/local/texlive/2016/texmf-dist/tex/generic/oberdiek/atbegshi.sty
Package: atbegshi 2016/05/16 v1.17 At begin shipout hook (HO)

(/usr/local/texlive/2016/texmf-dist/tex/generic/oberdiek/infwarerr.sty
Package: infwarerr 2016/05/16 v1.4 Providing info/warning/error messages (HO)
)
(/usr/local/texlive/2016/texmf-dist/tex/generic/oberdiek/ltxcmds.sty
Package: ltxcmds 2016/05/16 v1.23 LaTeX kernel commands for general use (HO)
)
(/usr/local/texlive/2016/texmf-dist/tex/generic/oberdiek/ifpdf.sty
Package: ifpdf 2016/05/14 v3.1 Provides the ifpdf switch
))
(/usr/local/texlive/2016/texmf-dist/tex/latex/graphics/keyval.sty
Package: keyval 2014/10/28 v1.15 key=value parser (DPC)
\KV@toks@=\toks14
)
(/usr/local/texlive/2016/texmf-dist/tex/latex/xcolor/xcolor.sty
Package: xcolor 2016/05/11 v2.12 LaTeX color extensions (UK)

(/usr/local/texlive/2016/texmf-dist/tex/latex/graphics-cfg/color.cfg
File: color.cfg 2016/01/02 v1.6 sample color configuration
)
Package xcolor Info: Driver file: pdftex.def on input line 225.

(/usr/local/texlive/2016/texmf-dist/tex/latex/pdftex-def/pdftex.def
File: pdftex.def 2011/05/27 v0.06d Graphics/color for pdfTeX
\Gread@gobject=\count87
)
Package xcolor Info: Model `cmy' substituted by `cmy0' on input line 1348.
Package xcolor Info: Model `hsb' substituted by `rgb' on input line 1352.
Package xcolor Info: Model `RGB' extended on input line 1364.
Package xcolor Info: Model `HTML' substituted by `rgb' on input line 1366.
Package xcolor Info: Model `Hsb' substituted by `hsb' on input line 1367.
Package xcolor Info: Model `tHsb' substituted by `hsb' on input line 1368.
Package xcolor Info: Model `HSB' substituted by `hsb' on input line 1369.
Package xcolor Info: Model `Gray' substituted by `gray' on input line 1370.
Package xcolor Info: Model `wave' substituted by `hsb' on input line 1371.
))
\nipsrulerbox=\box26
\nipsrulercount=\count88
\nipsruleroffset=\dimen103
\cv@lineheight=\dimen104
\cv@boxheight=\dimen105
\cv@tmpbox=\box27
\cv@refno=\count89
\cv@tot=\count90
\cv@tmpc@=\count91
\cv@tmpc=\count92
)
(/usr/local/texlive/2016/texmf-dist/tex/latex/psnfss/times.sty
Package: times 2005/04/12 PSNFSS-v9.2a (SPQR) 
)
(/usr/local/texlive/2016/texmf-dist/tex/latex/hyperref/hyperref.sty
Package: hyperref 2016/05/05 v6.83n Hypertext links for LaTeX

(/usr/local/texlive/2016/texmf-dist/tex/generic/oberdiek/hobsub-hyperref.sty
Package: hobsub-hyperref 2016/05/16 v1.14 Bundle oberdiek, subset hyperref (HO)


(/usr/local/texlive/2016/texmf-dist/tex/generic/oberdiek/hobsub-generic.sty
Package: hobsub-generic 2016/05/16 v1.14 Bundle oberdiek, subset generic (HO)
Package: hobsub 2016/05/16 v1.14 Construct package bundles (HO)
Package hobsub Info: Skipping package `infwarerr' (already loaded).
Package hobsub Info: Skipping package `ltxcmds' (already loaded).
Package: ifluatex 2016/05/16 v1.4 Provides the ifluatex switch (HO)
Package ifluatex Info: LuaTeX not detected.
Package: ifvtex 2016/05/16 v1.6 Detect VTeX and its facilities (HO)
Package ifvtex Info: VTeX not detected.
Package: intcalc 2016/05/16 v1.2 Expandable calculations with integers (HO)
Package hobsub Info: Skipping package `ifpdf' (already loaded).
Package: etexcmds 2016/05/16 v1.6 Avoid name clashes with e-TeX commands (HO)
Package etexcmds Info: Could not find \expanded.
(etexcmds)             That can mean that you are not using pdfTeX 1.50 or
(etexcmds)             that some package has redefined \expanded.
(etexcmds)             In the latter case, load this package earlier.
Package: kvsetkeys 2016/05/16 v1.17 Key value parser (HO)
Package: kvdefinekeys 2016/05/16 v1.4 Define keys (HO)
Package: pdftexcmds 2016/05/10 v0.21 Utility functions of pdfTeX for LuaTeX (HO
)
Package pdftexcmds Info: LuaTeX not detected.
Package pdftexcmds Info: \pdf@primitive is available.
Package pdftexcmds Info: \pdf@ifprimitive is available.
Package pdftexcmds Info: \pdfdraftmode found.
Package: pdfescape 2016/05/16 v1.14 Implements pdfTeX's escape features (HO)
Package: bigintcalc 2016/05/16 v1.4 Expandable calculations on big integers (HO
)
Package: bitset 2016/05/16 v1.2 Handle bit-vector datatype (HO)
Package: uniquecounter 2016/05/16 v1.3 Provide unlimited unique counter (HO)
)
Package hobsub Info: Skipping package `hobsub' (already loaded).
Package: letltxmacro 2016/05/16 v1.5 Let assignment for LaTeX macros (HO)
Package: hopatch 2016/05/16 v1.3 Wrapper for package hooks (HO)
Package: xcolor-patch 2016/05/16 xcolor patch
Package: atveryend 2016/05/16 v1.9 Hooks at the very end of document (HO)
Package atveryend Info: \enddocument detected (standard20110627).
Package hobsub Info: Skipping package `atbegshi' (already loaded).
Package: refcount 2016/05/16 v3.5 Data extraction from label references (HO)
Package: hycolor 2016/05/16 v1.8 Color options for hyperref/bookmark (HO)
)
(/usr/local/texlive/2016/texmf-dist/tex/generic/ifxetex/ifxetex.sty
Package: ifxetex 2010/09/12 v0.6 Provides ifxetex conditional
)
(/usr/local/texlive/2016/texmf-dist/tex/latex/oberdiek/auxhook.sty
Package: auxhook 2016/05/16 v1.4 Hooks for auxiliary files (HO)
)
(/usr/local/texlive/2016/texmf-dist/tex/latex/oberdiek/kvoptions.sty
Package: kvoptions 2016/05/16 v3.12 Key value format for package options (HO)
)
\@linkdim=\dimen106
\Hy@linkcounter=\count93
\Hy@pagecounter=\count94

(/usr/local/texlive/2016/texmf-dist/tex/latex/hyperref/pd1enc.def
File: pd1enc.def 2016/05/05 v6.83n Hyperref: PDFDocEncoding definition (HO)
)
\Hy@SavedSpaceFactor=\count95

(/usr/local/texlive/2016/texmf-dist/tex/latex/latexconfig/hyperref.cfg
File: hyperref.cfg 2002/06/06 v1.2 hyperref configuration of TeXLive
)
Package hyperref Info: Hyper figures OFF on input line 4446.
Package hyperref Info: Link nesting OFF on input line 4451.
Package hyperref Info: Hyper index ON on input line 4454.
Package hyperref Info: Plain pages OFF on input line 4461.
Package hyperref Info: Backreferencing OFF on input line 4466.
Package hyperref Info: Implicit mode ON; LaTeX internals redefined.
Package hyperref Info: Bookmarks ON on input line 4691.
\c@Hy@tempcnt=\count96

(/usr/local/texlive/2016/texmf-dist/tex/latex/url/url.sty
\Urlmuskip=\muskip10
Package: url 2013/09/16  ver 3.4  Verb mode for urls, etc.
)
LaTeX Info: Redefining \url on input line 5044.
\XeTeXLinkMargin=\dimen107
\Fld@menulength=\count97
\Field@Width=\dimen108
\Fld@charsize=\dimen109
Package hyperref Info: Hyper figures OFF on input line 6298.
Package hyperref Info: Link nesting OFF on input line 6303.
Package hyperref Info: Hyper index ON on input line 6306.
Package hyperref Info: backreferencing OFF on input line 6313.
Package hyperref Info: Link coloring OFF on input line 6318.
Package hyperref Info: Link coloring with OCG OFF on input line 6323.
Package hyperref Info: PDF/A mode OFF on input line 6328.
LaTeX Info: Redefining \ref on input line 6368.
LaTeX Info: Redefining \pageref on input line 6372.
\Hy@abspage=\count98
\c@Item=\count99
\c@Hfootnote=\count100
)

Package hyperref Message: Driver (autodetected): hpdftex.

(/usr/local/texlive/2016/texmf-dist/tex/latex/hyperref/hpdftex.def
File: hpdftex.def 2016/05/05 v6.83n Hyperref driver for pdfTeX
\Fld@listcount=\count101
\c@bookmark@seq@number=\count102

(/usr/local/texlive/2016/texmf-dist/tex/latex/oberdiek/rerunfilecheck.sty
Package: rerunfilecheck 2016/05/16 v1.8 Rerun checks for auxiliary files (HO)
Package uniquecounter Info: New unique counter `rerunfilecheck' on input line 2
82.
)
\Hy@SectionHShift=\skip43
)
(/usr/local/texlive/2016/texmf-dist/tex/latex/amsmath/amsmath.sty
Package: amsmath 2016/03/10 v2.15b AMS math features
\@mathmargin=\skip44

For additional information on amsmath, use the `?' option.
(/usr/local/texlive/2016/texmf-dist/tex/latex/amsmath/amstext.sty
Package: amstext 2000/06/29 v2.01 AMS text

(/usr/local/texlive/2016/texmf-dist/tex/latex/amsmath/amsgen.sty
File: amsgen.sty 1999/11/30 v2.0 generic functions
\@emptytoks=\toks15
\ex@=\dimen110
))
(/usr/local/texlive/2016/texmf-dist/tex/latex/amsmath/amsbsy.sty
Package: amsbsy 1999/11/29 v1.2d Bold Symbols
\pmbraise@=\dimen111
)
(/usr/local/texlive/2016/texmf-dist/tex/latex/amsmath/amsopn.sty
Package: amsopn 2016/03/08 v2.02 operator names
)
\inf@bad=\count103
LaTeX Info: Redefining \frac on input line 199.
\uproot@=\count104
\leftroot@=\count105
LaTeX Info: Redefining \overline on input line 297.
\classnum@=\count106
\DOTSCASE@=\count107
LaTeX Info: Redefining \ldots on input line 394.
LaTeX Info: Redefining \dots on input line 397.
LaTeX Info: Redefining \cdots on input line 518.
\Mathstrutbox@=\box28
\strutbox@=\box29
\big@size=\dimen112
LaTeX Font Info:    Redeclaring font encoding OML on input line 634.
LaTeX Font Info:    Redeclaring font encoding OMS on input line 635.
\macc@depth=\count108
\c@MaxMatrixCols=\count109
\dotsspace@=\muskip11
\c@parentequation=\count110
\dspbrk@lvl=\count111
\tag@help=\toks16
\row@=\count112
\column@=\count113
\maxfields@=\count114
\andhelp@=\toks17
\eqnshift@=\dimen113
\alignsep@=\dimen114
\tagshift@=\dimen115
\tagwidth@=\dimen116
\totwidth@=\dimen117
\lineht@=\dimen118
\@envbody=\toks18
\multlinegap=\skip45
\multlinetaggap=\skip46
\mathdisplay@stack=\toks19
LaTeX Info: Redefining \[ on input line 2739.
LaTeX Info: Redefining \] on input line 2740.
)
(/usr/local/texlive/2016/texmf-dist/tex/latex/graphics/graphicx.sty
Package: graphicx 2014/10/28 v1.0g Enhanced LaTeX Graphics (DPC,SPQR)

(/usr/local/texlive/2016/texmf-dist/tex/latex/graphics/graphics.sty
Package: graphics 2016/05/09 v1.0r Standard LaTeX Graphics (DPC,SPQR)

(/usr/local/texlive/2016/texmf-dist/tex/latex/graphics/trig.sty
Package: trig 2016/01/03 v1.10 sin cos tan (DPC)
)
(/usr/local/texlive/2016/texmf-dist/tex/latex/graphics-cfg/graphics.cfg
File: graphics.cfg 2016/01/02 v1.10 sample graphics configuration
)
Package graphics Info: Driver file: pdftex.def on input line 96.
)
\Gin@req@height=\dimen119
\Gin@req@width=\dimen120
)
(/usr/local/texlive/2016/texmf-dist/tex/latex/listings/listings.sty
\lst@mode=\count115
\lst@gtempboxa=\box30
\lst@token=\toks20
\lst@length=\count116
\lst@currlwidth=\dimen121
\lst@column=\count117
\lst@pos=\count118
\lst@lostspace=\dimen122
\lst@width=\dimen123
\lst@newlines=\count119
\lst@lineno=\count120
\lst@maxwidth=\dimen124

(/usr/local/texlive/2016/texmf-dist/tex/latex/listings/lstmisc.sty
File: lstmisc.sty 2015/06/04 1.6 (Carsten Heinz)
\c@lstnumber=\count121
\lst@skipnumbers=\count122
\lst@framebox=\box31
)
(/usr/local/texlive/2016/texmf-dist/tex/latex/listings/listings.cfg
File: listings.cfg 2015/06/04 1.6 listings configuration
))
Package: listings 2015/06/04 1.6 (Carsten Heinz)

(/usr/local/texlive/2016/texmf-dist/tex/latex/subfig/subfig.sty
Package: subfig 2005/06/28 ver: 1.3 subfig package

(/usr/local/texlive/2016/texmf-dist/tex/latex/caption/caption.sty
Package: caption 2016/02/21 v3.3-144 Customizing captions (AR)

(/usr/local/texlive/2016/texmf-dist/tex/latex/caption/caption3.sty
Package: caption3 2016/02/04 v1.7-139 caption3 kernel (AR)
Package caption3 Info: TeX engine: e-TeX on input line 67.
\captionmargin=\dimen125
\captionmargin@=\dimen126
\captionwidth=\dimen127
\caption@tempdima=\dimen128
\caption@indent=\dimen129
\caption@parindent=\dimen130
\caption@hangindent=\dimen131
)
\c@ContinuedFloat=\count123
Package caption Info: hyperref package is loaded.
Package caption Info: listings package is loaded.
)
\c@KVtest=\count124
\sf@farskip=\skip47
\sf@captopadj=\dimen132
\sf@capskip=\skip48
\sf@nearskip=\skip49
\c@subfigure=\count125
\c@subfigure@save=\count126
\c@lofdepth=\count127
\c@subtable=\count128
\c@subtable@save=\count129
\c@lotdepth=\count130
\sf@top=\skip50
\sf@bottom=\skip51
)
(./document.aux

LaTeX Warning: Label `fig:P4' multiply defined.

)
\openout1 = `document.aux'.

LaTeX Font Info:    Checking defaults for OML/cmm/m/it on input line 40.
LaTeX Font Info:    ... okay on input line 40.
LaTeX Font Info:    Checking defaults for T1/cmr/m/n on input line 40.
LaTeX Font Info:    ... okay on input line 40.
LaTeX Font Info:    Checking defaults for OT1/cmr/m/n on input line 40.
LaTeX Font Info:    ... okay on input line 40.
LaTeX Font Info:    Checking defaults for OMS/cmsy/m/n on input line 40.
LaTeX Font Info:    ... okay on input line 40.
LaTeX Font Info:    Checking defaults for OMX/cmex/m/n on input line 40.
LaTeX Font Info:    ... okay on input line 40.
LaTeX Font Info:    Checking defaults for U/cmr/m/n on input line 40.
LaTeX Font Info:    ... okay on input line 40.
LaTeX Font Info:    Checking defaults for PD1/pdf/m/n on input line 40.
LaTeX Font Info:    ... okay on input line 40.
LaTeX Font Info:    Try loading font information for OT1+ptm on input line 40.
 (/usr/local/texlive/2016/texmf-dist/tex/latex/psnfss/ot1ptm.fd
File: ot1ptm.fd 2001/06/04 font definitions for OT1/ptm.
)
\AtBeginShipoutBox=\box32

(/usr/local/texlive/2016/texmf-dist/tex/context/base/mkii/supp-pdf.mkii
[Loading MPS to PDF converter (version 2006.09.02).]
\scratchcounter=\count131
\scratchdimen=\dimen133
\scratchbox=\box33
\nofMPsegments=\count132
\nofMParguments=\count133
\everyMPshowfont=\toks21
\MPscratchCnt=\count134
\MPscratchDim=\dimen134
\MPnumerator=\count135
\makeMPintoPDFobject=\count136
\everyMPtoPDFconversion=\toks22
)
Package hyperref Info: Link coloring OFF on input line 40.
 (/usr/local/texlive/2016/texmf-dist/tex/latex/hyperref/nameref.sty
Package: nameref 2012/10/27 v2.43 Cross-referencing by name of section

(/usr/local/texlive/2016/texmf-dist/tex/generic/oberdiek/gettitlestring.sty
Package: gettitlestring 2016/05/16 v1.5 Cleanup title references (HO)
)
\c@section@level=\count137
)
LaTeX Info: Redefining \ref on input line 40.
LaTeX Info: Redefining \pageref on input line 40.
LaTeX Info: Redefining \nameref on input line 40.

(./document.out) (./document.out)
\@outlinefile=\write3
\openout3 = `document.out'.


(/usr/local/texlive/2016/texmf-dist/tex/latex/oberdiek/epstopdf-base.sty
Package: epstopdf-base 2016/05/15 v2.6 Base part for package epstopdf

(/usr/local/texlive/2016/texmf-dist/tex/latex/oberdiek/grfext.sty
Package: grfext 2016/05/16 v1.2 Manage graphics extensions (HO)
)
Package grfext Info: Graphics extension search list:
(grfext)             [.png,.pdf,.jpg,.mps,.jpeg,.jbig2,.jb2,.PNG,.PDF,.JPG,.JPE
G,.JBIG2,.JB2,.eps]
(grfext)             \AppendGraphicsExtensions on input line 456.

(/usr/local/texlive/2016/texmf-dist/tex/latex/latexconfig/epstopdf-sys.cfg
File: epstopdf-sys.cfg 2010/07/13 v1.3 Configuration of (r)epstopdf for TeX Liv
e
))
\c@lstlisting=\count138
Package caption Info: Begin \AtBeginDocument code.
Package caption Info: subfig package v1.3 is loaded.
Package caption Info: End \AtBeginDocument code.
LaTeX Font Info:    Font shape `OT1/ptm/bx/n' in size <17.28> not available
(Font)              Font shape `OT1/ptm/b/n' tried instead on input line 42.
LaTeX Font Info:    Font shape `OT1/ptm/bx/n' in size <10> not available
(Font)              Font shape `OT1/ptm/b/n' tried instead on input line 42.
LaTeX Font Info:    Try loading font information for OT1+pcr on input line 42.

(/usr/local/texlive/2016/texmf-dist/tex/latex/psnfss/ot1pcr.fd
File: ot1pcr.fd 2001/06/04 font definitions for OT1/pcr.
)
LaTeX Font Info:    Font shape `OT1/ptm/bx/n' in size <12> not available
(Font)              Font shape `OT1/ptm/b/n' tried instead on input line 43.
 [1

{/usr/local/texlive/2016/texmf-var/fonts/map/pdftex/updmap/pdftex.map}]
<images/P1_2.png, id=89, 390.45876pt x 279.0425pt>
File: images/P1_2.png Graphic file (type png)
 <use images/P1_2.png>
Package pdftex.def Info: images/P1_2.png used on input line 96.
(pdftex.def)             Requested size: 180.67499pt x 129.11899pt.

<images/P1.png, id=91, 390.45876pt x 279.0425pt>
File: images/P1.png Graphic file (type png)
 <use images/P1.png>
Package pdftex.def Info: images/P1.png used on input line 98.
(pdftex.def)             Requested size: 180.67499pt x 129.11899pt.

<images/P2_2.png, id=92, 390.45876pt x 279.0425pt>
File: images/P2_2.png Graphic file (type png)
 <use images/P2_2.png>
Package pdftex.def Info: images/P2_2.png used on input line 105.
(pdftex.def)             Requested size: 180.67499pt x 129.11899pt.

<images/P2.png, id=93, 390.45876pt x 279.0425pt>
File: images/P2.png Graphic file (type png)
 <use images/P2.png>
Package pdftex.def Info: images/P2.png used on input line 107.
(pdftex.def)             Requested size: 180.67499pt x 129.11899pt.
 [2 <./images/P1_2.png> <./images/P1.png>]
<images/P3_2.png, id=111, 387.4475pt x 279.0425pt>
File: images/P3_2.png Graphic file (type png)
 <use images/P3_2.png>
Package pdftex.def Info: images/P3_2.png used on input line 122.
(pdftex.def)             Requested size: 180.67499pt x 130.12384pt.

<images/P3.png, id=112, 387.4475pt x 279.0425pt>
File: images/P3.png Graphic file (type png)
 <use images/P3.png>
Package pdftex.def Info: images/P3.png used on input line 124.
(pdftex.def)             Requested size: 180.67499pt x 130.12384pt.

<images/P4_2.png, id=114, 255.95625pt x 252.945pt>
File: images/P4_2.png Graphic file (type png)
 <use images/P4_2.png>
Package pdftex.def Info: images/P4_2.png used on input line 133.
(pdftex.def)             Requested size: 108.405pt x 107.12775pt.

<images/P4.png, id=115, 255.95625pt x 252.945pt>
File: images/P4.png Graphic file (type png)
 <use images/P4.png>
Package pdftex.def Info: images/P4.png used on input line 135.
(pdftex.def)             Requested size: 108.405pt x 107.12775pt.

<images/P5.png, id=116, 255.95625pt x 252.945pt>
File: images/P5.png Graphic file (type png)
 <use images/P5.png>
Package pdftex.def Info: images/P5.png used on input line 137.
(pdftex.def)             Requested size: 108.405pt x 107.12775pt.
 [3 <./images/P2_2.png> <./images/P2.png> <./images/P3_2.png> <./images/P3.png>
]
<images/P7.png, id=133, 387.4475pt x 279.0425pt>
File: images/P7.png Graphic file (type png)
 <use images/P7.png>
Package pdftex.def Info: images/P7.png used on input line 181.
(pdftex.def)             Requested size: 108.405pt x 78.07175pt.

<images/P7_2.png, id=134, 387.4475pt x 279.0425pt>
File: images/P7_2.png Graphic file (type png)
 <use images/P7_2.png>
Package pdftex.def Info: images/P7_2.png used on input line 183.
(pdftex.def)             Requested size: 108.405pt x 78.07175pt.

<images/P7_3.png, id=135, 387.4475pt x 279.0425pt>
File: images/P7_3.png Graphic file (type png)
 <use images/P7_3.png>
Package pdftex.def Info: images/P7_3.png used on input line 185.
(pdftex.def)             Requested size: 108.405pt x 78.07175pt.

<images/P7_4.png, id=136, 387.4475pt x 279.0425pt>
File: images/P7_4.png Graphic file (type png)
 <use images/P7_4.png>
Package pdftex.def Info: images/P7_4.png used on input line 187.
(pdftex.def)             Requested size: 108.405pt x 78.07175pt.

<images/P7_5.png, id=137, 387.4475pt x 279.0425pt>
File: images/P7_5.png Graphic file (type png)
 <use images/P7_5.png>
Package pdftex.def Info: images/P7_5.png used on input line 189.
(pdftex.def)             Requested size: 108.405pt x 78.07175pt.

<images/P7_7.png, id=138, 387.4475pt x 279.0425pt>
File: images/P7_7.png Graphic file (type png)
 <use images/P7_7.png>
Package pdftex.def Info: images/P7_7.png used on input line 191.
(pdftex.def)             Requested size: 108.405pt x 78.07175pt.

[4 <./images/P4_2.png> <./images/P4.png> <./images/P5.png>]
<images/P8.png, id=156, 387.4475pt x 279.0425pt>
File: images/P8.png Graphic file (type png)
 <use images/P8.png>
Package pdftex.def Info: images/P8.png used on input line 203.
(pdftex.def)             Requested size: 108.405pt x 78.07175pt.

<images/P8_2.png, id=157, 387.4475pt x 279.0425pt>
File: images/P8_2.png Graphic file (type png)
 <use images/P8_2.png>
Package pdftex.def Info: images/P8_2.png used on input line 205.
(pdftex.def)             Requested size: 108.405pt x 78.07175pt.

<images/P8_3.png, id=158, 387.4475pt x 279.0425pt>
File: images/P8_3.png Graphic file (type png)
 <use images/P8_3.png>
Package pdftex.def Info: images/P8_3.png used on input line 207.
(pdftex.def)             Requested size: 108.405pt x 78.07175pt.

<images/P8_4.png, id=159, 387.4475pt x 279.0425pt>
File: images/P8_4.png Graphic file (type png)
 <use images/P8_4.png>
Package pdftex.def Info: images/P8_4.png used on input line 209.
(pdftex.def)             Requested size: 108.405pt x 78.07175pt.

<images/P8_5.png, id=160, 387.4475pt x 279.0425pt>
File: images/P8_5.png Graphic file (type png)
 <use images/P8_5.png>
Package pdftex.def Info: images/P8_5.png used on input line 211.
(pdftex.def)             Requested size: 108.405pt x 78.07175pt.

<images/P8_7.png, id=161, 387.4475pt x 279.0425pt>
File: images/P8_7.png Graphic file (type png)
 <use images/P8_7.png>
Package pdftex.def Info: images/P8_7.png used on input line 213.
(pdftex.def)             Requested size: 108.405pt x 78.07175pt.

<images/P11.png, id=162, 387.4475pt x 279.0425pt>
File: images/P11.png Graphic file (type png)
 <use images/P11.png>
Package pdftex.def Info: images/P11.png used on input line 220.
(pdftex.def)             Requested size: 180.67499pt x 130.12384pt.

<images/P11_2.png, id=163, 387.4475pt x 279.0425pt>
File: images/P11_2.png Graphic file (type png)
 <use images/P11_2.png>
Package pdftex.def Info: images/P11_2.png used on input line 222.
(pdftex.def)             Requested size: 180.67499pt x 130.12384pt.

[5 <./images/P7.png> <./images/P7_2.png> <./images/P7_3.png> <./images/P7_4.png
> <./images/P7_5.png> <./images/P7_7.png> <./images/P8.png> <./images/P8_2.png>
 <./images/P8_3.png> <./images/P8_4.png> <./images/P8_5.png> <./images/P8_7.png
>] <images/P6.png, id=197, 387.4475pt x 279.0425pt>
File: images/P6.png Graphic file (type png)
 <use images/P6.png>
Package pdftex.def Info: images/P6.png used on input line 232.
(pdftex.def)             Requested size: 180.67499pt x 130.12384pt.

<images/P6_2.png, id=198, 387.4475pt x 279.0425pt>
File: images/P6_2.png Graphic file (type png)
 <use images/P6_2.png>
Package pdftex.def Info: images/P6_2.png used on input line 234.
(pdftex.def)             Requested size: 180.67499pt x 130.12384pt.

<images/P9.png, id=201, 393.47pt x 279.0425pt>
File: images/P9.png Graphic file (type png)
 <use images/P9.png>
Package pdftex.def Info: images/P9.png used on input line 244.
(pdftex.def)             Requested size: 180.67499pt x 128.13118pt.

<images/P9_2.png, id=202, 393.47pt x 279.0425pt>
File: images/P9_2.png Graphic file (type png)
 <use images/P9_2.png>
Package pdftex.def Info: images/P9_2.png used on input line 246.
(pdftex.def)             Requested size: 180.67499pt x 128.13118pt.
 [6 <./images/P11.png> <./images/P11_2.png> <./images/P6.png> <./images/P6_2.pn
g>]
<images/P10_7.png, id=218, 255.95625pt x 252.945pt>
File: images/P10_7.png Graphic file (type png)
 <use images/P10_7.png>
Package pdftex.def Info: images/P10_7.png used on input line 258.
(pdftex.def)             Requested size: 72.26999pt x 71.41849pt.

Underfull \hbox (badness 7740) in paragraph at lines 258--258
[]\OT1/ptm/m/n/9 (a) |Weights when
 []

<images/P10.png, id=219, 255.95625pt x 252.945pt>
File: images/P10.png Graphic file (type png)
 <use images/P10.png>
Package pdftex.def Info: images/P10.png used on input line 260.
(pdftex.def)             Requested size: 72.26999pt x 71.41849pt.

Underfull \hbox (badness 6758) in paragraph at lines 260--260
[]\OT1/ptm/m/n/9 (b) |Weights when
 []

<images/P10_2.png, id=220, 255.95625pt x 252.945pt>
File: images/P10_2.png Graphic file (type png)
 <use images/P10_2.png>
Package pdftex.def Info: images/P10_2.png used on input line 262.
(pdftex.def)             Requested size: 72.26999pt x 71.41849pt.

Underfull \hbox (badness 10000) in paragraph at lines 262--262
[]\OT1/ptm/m/n/9 (c) |Weights when
 []

<images/P10_3.png, id=221, 255.95625pt x 252.945pt>
File: images/P10_3.png Graphic file (type png)
 <use images/P10_3.png>
Package pdftex.def Info: images/P10_3.png used on input line 264.
(pdftex.def)             Requested size: 72.26999pt x 71.41849pt.

Underfull \hbox (badness 6758) in paragraph at lines 264--264
[]\OT1/ptm/m/n/9 (d) |Weights when
 []


Underfull \hbox (badness 4954) in paragraph at lines 264--264
\OT1/ptm/m/n/9 ing L1 reg-u-lar-iza-
 []

<images/P10_8.png, id=222, 255.95625pt x 252.945pt>
File: images/P10_8.png Graphic file (type png)
 <use images/P10_8.png>
Package pdftex.def Info: images/P10_8.png used on input line 266.
(pdftex.def)             Requested size: 72.26999pt x 71.41849pt.

Underfull \hbox (badness 7740) in paragraph at lines 266--266
[]\OT1/ptm/m/n/9 (e) |Weights when
 []

<images/P10_4.png, id=223, 255.95625pt x 252.945pt>
File: images/P10_4.png Graphic file (type png)
 <use images/P10_4.png>
Package pdftex.def Info: images/P10_4.png used on input line 268.
(pdftex.def)             Requested size: 72.26999pt x 71.41849pt.

Underfull \hbox (badness 10000) in paragraph at lines 268--268
[]\OT1/ptm/m/n/9 (f) |Weights when
 []

<images/P10_5.png, id=224, 255.95625pt x 252.945pt>
File: images/P10_5.png Graphic file (type png)
 <use images/P10_5.png>
Package pdftex.def Info: images/P10_5.png used on input line 270.
(pdftex.def)             Requested size: 72.26999pt x 71.41849pt.

Underfull \hbox (badness 10000) in paragraph at lines 270--270
[]\OT1/ptm/m/n/9 (g) |Weights when
 []

<images/P10_6.png, id=225, 255.95625pt x 252.945pt>
File: images/P10_6.png Graphic file (type png)
 <use images/P10_6.png>
Package pdftex.def Info: images/P10_6.png used on input line 272.
(pdftex.def)             Requested size: 72.26999pt x 71.41849pt.

Underfull \hbox (badness 6758) in paragraph at lines 272--272
[]\OT1/ptm/m/n/9 (h) |Weights when
 []


Underfull \hbox (badness 4954) in paragraph at lines 272--272
\OT1/ptm/m/n/9 ing L2 reg-u-lar-iza-
 []

[7 <./images/P9.png> <./images/P9_2.png> <./images/P10_7.png> <./images/P10.png
> <./images/P10_2.png> <./images/P10_3.png> <./images/P10_8.png> <./images/P10_
4.png> <./images/P10_5.png> <./images/P10_6.png>]
Underfull \hbox (badness 10000) in paragraph at lines 328--330

 []

[8]
Underfull \hbox (badness 10000) in paragraph at lines 366--368

 []


Underfull \hbox (badness 10000) in paragraph at lines 369--371

 []


Underfull \hbox (badness 10000) in paragraph at lines 372--375

 []


Underfull \hbox (badness 10000) in paragraph at lines 376--378

 []


Underfull \hbox (badness 10000) in paragraph at lines 382--384

 []

<../softmax/figs/loss.png, id=267, 462.528pt x 346.896pt>
File: ../softmax/figs/loss.png Graphic file (type png)

<use ../softmax/figs/loss.png>
Package pdftex.def Info: ../softmax/figs/loss.png used on input line 394.
(pdftex.def)             Requested size: 180.67499pt x 135.5059pt.

<../softmax/figs/accuracy.png, id=268, 462.528pt x 346.896pt>
File: ../softmax/figs/accuracy.png Graphic file (type png)

<use ../softmax/figs/accuracy.png>
Package pdftex.def Info: ../softmax/figs/accuracy.png used on input line 398.
(pdftex.def)             Requested size: 180.67499pt x 135.5059pt.

<../softmax/figs/image_of_weights_and_digits.png, id=269, 433.62pt x 119.9682pt
>
File: ../softmax/figs/image_of_weights_and_digits.png Graphic file (type png)
 <use ../softmax/figs/image_of_weights_and_digits.png>
Package pdftex.def Info: ../softmax/figs/image_of_weights_and_digits.png used o
n input line 404.
(pdftex.def)             Requested size: 187.90198pt x 86.72849pt.
 [9]
Underfull \vbox (badness 1038) has occurred while \output is active []

 [10 <../softmax/figs/loss.png> <../softmax/figs/accuracy.png> <../softmax/figs
/image_of_weights_and_digits.png>]
(/usr/local/texlive/2016/texmf-dist/tex/latex/listings/lstlang1.sty
File: lstlang1.sty 2015/06/04 1.6 listings language file
)
LaTeX Font Info:    Font shape `OT1/ptm/bx/n' in size <9> not available
(Font)              Font shape `OT1/ptm/b/n' tried instead on input line 459.

Overfull \hbox (72.3198pt too wide) in paragraph at lines 472--473
[][][][][][][][][][][][][][][][][][][][][][][][][][][][][][][][][] 
 []

[11]
LaTeX Font Info:    Try loading font information for OMS+ptm on input line 491.

 (/usr/local/texlive/2016/texmf-dist/tex/latex/psnfss/omsptm.fd
File: omsptm.fd 
)
LaTeX Font Info:    Font shape `OMS/ptm/m/n' in size <9> not available
(Font)              Font shape `OMS/cmsy/m/n' tried instead on input line 491.

Overfull \hbox (99.32007pt too wide) in paragraph at lines 530--532
[][][][][][][][][][][][][][][][][][][][][][][][][][][][][][][][][][][][][][][][
][][] 
 []


Underfull \vbox (badness 10000) has occurred while \output is active []

 [12]
Overfull \hbox (50.71957pt too wide) in paragraph at lines 545--546
[][][][][][][][][][][][][][][][][][][][][][][][][][][][][][][][][][][][][][][] 

 []


Overfull \hbox (50.71957pt too wide) in paragraph at lines 549--550
[][][][][][][][][][][][][][][][][][][][][][][][][][][][][][][][][][][][][][][] 

 []


Overfull \hbox (99.32007pt too wide) in paragraph at lines 562--563
[][][][][][][][][][][][][][][][][][][][][][][][][][][][][][][][][][][][][][][] 

 []


Overfull \hbox (12.91919pt too wide) in paragraph at lines 565--567
[][][][][][][][][][][][][][][][][][][][][][][][][][][][] 
 []


Overfull \hbox (66.91974pt too wide) in paragraph at lines 584--585
[][][][][][][][][][][][][][][][][][][][][][][][][][][][][][] 
 []


Overfull \hbox (66.91974pt too wide) in paragraph at lines 585--586
[][][][][][][][][][][][][][][][][][][][][][][][][][][][][][] 
 []


Overfull \hbox (83.1199pt too wide) in paragraph at lines 586--588
[][][][][][][][][][][][][][][][][][][][][][][][][][][][][][] 
 []

LaTeX Font Info:    Try loading font information for OML+ptm on input line 593.

(/usr/local/texlive/2016/texmf-dist/tex/latex/psnfss/omlptm.fd
File: omlptm.fd 
)
LaTeX Font Info:    Font shape `OML/ptm/m/n' in size <9> not available
(Font)              Font shape `OML/cmm/m/it' tried instead on input line 593.

Overfull \hbox (99.32007pt too wide) in paragraph at lines 594--595
[][][][][][][][][][][][][][][][][][][] 
 []


Overfull \hbox (93.92001pt too wide) in paragraph at lines 595--596
[][][][][][][][][][][][][][][][][] 
 []


Overfull \hbox (77.71985pt too wide) in paragraph at lines 596--597
[][][][][][][][][][][][][][][] 
 []


Underfull \vbox (badness 10000) has occurred while \output is active []

 [13]
Overfull \hbox (39.91946pt too wide) in paragraph at lines 604--605
[][][][][][][][][][][][][][][][][][][][][][][][][][][][][][] 
 []


Overfull \hbox (61.51968pt too wide) in paragraph at lines 605--607
[][][][][][][][][][][][][][][][][][][][][][][][][][][][][][] 
 []


Overfull \hbox (7.51913pt too wide) in paragraph at lines 626--627
[][][][][][][][][][][][][][][][][][][][][][][][][][][][][][] 
 []


Overfull \hbox (153.32062pt too wide) in paragraph at lines 636--638
[][][][][][][][][][][] 
 []


Overfull \hbox (99.32007pt too wide) in paragraph at lines 640--642
[][][][][][][][][][][][][][][][][][][][][][][][][][][][][][][][][][][][][] 
 []


Overfull \hbox (29.11935pt too wide) in paragraph at lines 655--656
[][][][][][][][][][][][][][][][][][][][][][][][][][][][][][] 
 []


Overfull \hbox (110.12018pt too wide) in paragraph at lines 656--658
[][][][][][][][][][][][][][][][][][][][][][][][][][][][][] 
 []


Overfull \hbox (61.51968pt too wide) in paragraph at lines 662--663
[][][][][][][][][][][][][][][][][][][][][] 
 []


Overfull \hbox (66.91974pt too wide) in paragraph at lines 663--664
[][][][][][][][][][][][][][][][][][] 
 []


Overfull \hbox (104.72012pt too wide) in paragraph at lines 664--665
[][][][][][][][][][][][][][][][][][][][][][][][][][][][][][] 
 []


Underfull \vbox (badness 10000) has occurred while \output is active []

 [14]
Overfull \hbox (93.92001pt too wide) in paragraph at lines 674--675
[][][][][][][][][][][][][][][][][][][][][][][][][][][][][][][][][][][][] 
 []


Overfull \hbox (29.11935pt too wide) in paragraph at lines 676--677
[][][][][][][][][][][][][][][][][][][][][][][][][][][][][][][][][][][][] 
 []


Overfull \hbox (77.71985pt too wide) in paragraph at lines 678--679
[][][][][][][][][][][][][][][][][][][][][][][][][][][][][][][][][][][][] 
 []


Overfull \hbox (77.71985pt too wide) in paragraph at lines 691--692
[][][][][][][][][][][][][][][][][][][][][][][][][][][][][][][] 
 []


Overfull \hbox (45.31952pt too wide) in paragraph at lines 700--701
[][][][][][][][][][][][][][][][][][][][][][][][][][][][][][] 
 []


Overfull \hbox (110.12018pt too wide) in paragraph at lines 701--703
[][][][][][][][][][][][][][][][][][][][][][][][][][][][][][][][] 
 []


Overfull \hbox (104.72012pt too wide) in paragraph at lines 714--715
[][][][][][][][][][][][][][][][][][][][][] 
 []


Overfull \hbox (88.51996pt too wide) in paragraph at lines 715--716
[][][][][][][][][][][][][][][][][][] 
 []


Overfull \hbox (56.11963pt too wide) in paragraph at lines 716--717
[][][][][][][][][][][][][][][][][][][][][][][][][][][][][] 
 []


Overfull \hbox (93.92001pt too wide) in paragraph at lines 728--729
[][][][][][][][][][][][][][][][][][][][][][][][][][][][][][][][][][][][] 
 []


Overfull \hbox (29.11935pt too wide) in paragraph at lines 730--731
[][][][][][][][][][][][][][][][][][][][][][][][][][][][][][][][][][][][] 
 []


Overfull \hbox (77.71985pt too wide) in paragraph at lines 732--733
[][][][][][][][][][][][][][][][][][][][][][][][][][][][][][][][][][][][] 
 []


Underfull \vbox (badness 10000) has occurred while \output is active []

 [15]
Overfull \hbox (50.71957pt too wide) in paragraph at lines 749--750
[][][][][][][][][][][][][][][][][][][][][][][] 
 []


Overfull \hbox (110.12018pt too wide) in paragraph at lines 750--751
[][][][][][][][][][][][][][][][][][][][][][][][][][][][][][] 
 []


Overfull \hbox (66.91974pt too wide) in paragraph at lines 754--755
[][][][][][][][][][][][][][][][][][][][][][][] 
 []


Overfull \hbox (104.72012pt too wide) in paragraph at lines 755--756
[][][][][][][][][][][][][][][][][][][][][][][][][][][][][] 
 []


Overfull \hbox (115.52023pt too wide) in paragraph at lines 756--758
[][][][][][][][][][][][][][][][][][][][][][][][][][][][][][][][][][][] 
 []


Overfull \hbox (66.91974pt too wide) in paragraph at lines 759--760
[][][][][][][][][][][][][][][][][][][][][][][] 
 []


Overfull \hbox (99.32007pt too wide) in paragraph at lines 760--761
[][][][][][][][][][][][][][][][][][][][][][][][][][][][][][] 
 []


Overfull \hbox (7.51913pt too wide) in paragraph at lines 770--771
[][][][][][][][][][][][][][][][][][][][][][][][][][][][][][][][][][][] 
 []


Underfull \vbox (badness 10000) has occurred while \output is active []

 [16]
Overfull \hbox (72.3198pt too wide) in paragraph at lines 803--804
[][][][][][][][][][][][][][][][][][][][][][][][] 
 []


Overfull \hbox (61.51968pt too wide) in paragraph at lines 804--805
[][][][][][][][][][][][][][][][][][][][][][][][][][][] 
 []


Overfull \hbox (72.3198pt too wide) in paragraph at lines 824--825
[][][][][][][][][][][][][][][][][][][][][][][][] 
 []


Overfull \hbox (61.51968pt too wide) in paragraph at lines 825--826
[][][][][][][][][][][][][][][][][][][][][][][][][][][] 
 []


Overfull \hbox (99.32007pt too wide) in paragraph at lines 836--837
[][][][][][][][][][][][][][][][][][][][][][][][][][][][][] 
 []


Overfull \hbox (50.71957pt too wide) in paragraph at lines 853--854
[][][][][][][][][][][][][][][][][][][][][][][][][][][][][][][][][][][][][][][][
][][][][][] 
 []


Overfull \hbox (39.91946pt too wide) in paragraph at lines 857--858
[][][][][][][][][][][][][][][][][][][][][][][][][] 
 []


Overfull \hbox (12.91919pt too wide) in paragraph at lines 858--859
[][][][][][][][][][][][][][][][] 
 []


Overfull \hbox (34.51941pt too wide) in paragraph at lines 859--860
[][][][][][][][][][][][][][][][][][][][][][] 
 []


Overfull \hbox (45.31952pt too wide) in paragraph at lines 860--861
[][][][][][][][][][][][][][][][][][][][][] 
 []


Underfull \vbox (badness 10000) has occurred while \output is active []

 [17]
Overfull \hbox (50.71957pt too wide) in paragraph at lines 873--874
[][][][][][][][][][][][][][][][][][][][][][][] 
 []


Overfull \hbox (115.52023pt too wide) in paragraph at lines 896--897
[][][][][][][][][][][][][][][][][] 
 []


Overfull \hbox (66.91974pt too wide) in paragraph at lines 900--901
[][][][][][][][][][][][][][][][][][][][][][][][][] 
 []


Overfull \hbox (66.91974pt too wide) in paragraph at lines 904--905
[][][][][][][][][][][][][][][][][][][][][][][][][] 
 []

LaTeX Font Info:    Font shape `OMS/ptm/m/it' in size <9> not available
(Font)              Font shape `OMS/cmsy/m/n' tried instead on input line 918.

Overfull \hbox (39.91946pt too wide) in paragraph at lines 918--919
[][][][][][][][][][][][][][][][][][][][][][][][][][][][][][][][][][] 
 []


Overfull \hbox (29.11935pt too wide) in paragraph at lines 921--922
[][][][][][][][][][][][][][][][][][][][][][][][][][][][] 
 []


Overfull \hbox (7.51913pt too wide) in paragraph at lines 924--925
[][][][][][][][][][][][][][][][][][][][][][][][][][] 
 []


Overfull \hbox (72.3198pt too wide) in paragraph at lines 925--926
[][][][][][][][][][][][][][][][][][][][][][][][][] 
 []


Overfull \hbox (88.51996pt too wide) in paragraph at lines 931--932
[][][][][][][][][][][][][][][][][][][][][][][][][][][][][][][][][][] 
 []


Overfull \hbox (2.11908pt too wide) in paragraph at lines 932--933
[][][][][][][][][][][][][][][][][][][][][][][][][][][][][][] 
 []

[18]
Overfull \hbox (39.91946pt too wide) in paragraph at lines 935--936
[][][][][][][][][][][][][][][][][][][][] 
 []


Overfull \hbox (29.11935pt too wide) in paragraph at lines 958--959
[][][][][][][][][][][][][][][][][][][][][][][][][][][][] 
 []


Overfull \hbox (72.3198pt too wide) in paragraph at lines 962--963
[][][][][][][][][][][][][][][][][][][][][][][][][] 
 []


Overfull \hbox (61.51968pt too wide) in paragraph at lines 963--964
[][][][][][][][][][][][][][][][][][][][][][][][][][][][][][][][] 
 []


Overfull \hbox (29.11935pt too wide) in paragraph at lines 969--970
[][][][][][][][][][][][][][][][][][][][][][][][][][][][] 
 []


Overfull \hbox (34.51941pt too wide) in paragraph at lines 973--974
[][][][][][][][][][][][][][][][][][] 
 []


Overfull \hbox (29.11935pt too wide) in paragraph at lines 990--991
[][][][][][][][][][][][][][][][][][][][][][][][][][][][][] 
 []


Overfull \hbox (29.11935pt too wide) in paragraph at lines 992--994
[][][][][][][][][][][][][][][][][][][][][][][][][][][][][] 
 []


Overfull \hbox (56.11963pt too wide) in paragraph at lines 994--995
[][][][][][][][][][][][][][][][][][][][][][][][][][][] 
 []


Underfull \vbox (badness 10000) has occurred while \output is active []

 [19]
Overfull \hbox (18.31924pt too wide) in paragraph at lines 1001--1002
[][][][][][][][][][][][][][][][][][][][][][] 
 []


Overfull \hbox (56.11963pt too wide) in paragraph at lines 1004--1005
[][][][][][][][][][][][][][][][][][][][][][][][][][][] 
 []


Overfull \hbox (18.31924pt too wide) in paragraph at lines 1011--1013
[][][][][][][][][][][][][][][][][][][][][][] 
 []


Overfull \hbox (88.51996pt too wide) in paragraph at lines 1016--1017
[][][][][][][][][][][][][][][][][][][][][][][] 
 []


Overfull \hbox (104.72012pt too wide) in paragraph at lines 1017--1018
[][][][][][][][][][][][][][][][] 
 []


Overfull \hbox (110.12018pt too wide) in paragraph at lines 1032--1033
[][][][][][][][][][][][][][][][][][][][][][][][][][][][][][][][][][][][] 
 []


Overfull \hbox (18.31924pt too wide) in paragraph at lines 1034--1035
[][][][][][][][][][][][][][][][][][][][][][][][][][][][] 
 []


Overfull \hbox (61.51968pt too wide) in paragraph at lines 1038--1039
[][][][][][][][][][][][][][][][][][][][][][][][][] 
 []


Overfull \hbox (18.31924pt too wide) in paragraph at lines 1044--1045
[][][][][][][][][][][][][][][][][][][][][][][][][][][][] 
 []


Overfull \hbox (137.12045pt too wide) in paragraph at lines 1047--1048
[][][][][][][][][][][][][][][][][][][][][][] 
 []


Overfull \hbox (34.51941pt too wide) in paragraph at lines 1051--1052
[][][][][][][][][][][][][][][][][][][][][]
 []


Overfull \hbox (77.71985pt too wide) in paragraph at lines 1057--1058
[][][][][][][][][][][][][][][][][][][][][][][][][][][][][][][][][][] 
 []


Overfull \hbox (93.92001pt too wide) in paragraph at lines 1060--1061
[][][][][][][][][][][][][][][][][][][][][][] 
 []


Underfull \vbox (badness 10000) has occurred while \output is active []

 [20]
Underfull \hbox (badness 10000) in paragraph at lines 1065--1066
[][][][][][][][][][][][][][][][][][][][][]
 []


Overfull \hbox (18.31924pt too wide) in paragraph at lines 1071--1072
[][][][][][][][][][][][][][][][][][][][][][][][][][][][] 
 []


Overfull \hbox (23.7193pt too wide) in paragraph at lines 1074--1075
[][][][][][][][][][][][][][][][][][] 
 []


Overfull \hbox (56.11963pt too wide) in paragraph at lines 1079--1080
[][][][][][][][][][][][][][][][][][][][][]
 []


Overfull \hbox (77.71985pt too wide) in paragraph at lines 1087--1088
[][][][][][][][][][][][][][][][][][][][][][][][][][][][][][][][][][][][][] 
 []


Overfull \hbox (142.52051pt too wide) in paragraph at lines 1097--1098
[][][][][][][][][][][][][][][][][][][][][][][][][][][][][][][][][][][][][] 
 []


Overfull \hbox (61.51968pt too wide) in paragraph at lines 1115--1117
[][][][][][][][][][][][][][] 
 []


Overfull \hbox (83.1199pt too wide) in paragraph at lines 1118--1119
[][][][][][][][][][][][][][][][][][][][][][][][][][][][][][][][] 
 []


Overfull \hbox (99.32007pt too wide) in paragraph at lines 1121--1122
[][][][][][][][][][][][][][][][][][][][][][][][][][][][][][][][] 
 []


Underfull \vbox (badness 10000) has occurred while \output is active []

 [21]
Overfull \hbox (12.91919pt too wide) in paragraph at lines 1135--1136
[][][][][][][][][][][][][][][][][][][][][][] 
 []


Overfull \hbox (77.71985pt too wide) in paragraph at lines 1165--1166
[][][][][][][][][][][][][][][][] 
 []


Overfull \hbox (88.51996pt too wide) in paragraph at lines 1166--1167
[][][][][][][][][][][][][][][][][] 
 []


Overfull \hbox (88.51996pt too wide) in paragraph at lines 1167--1168
[][][][][][][][][][][][][][][][][][][][] 
 []


Overfull \hbox (29.11935pt too wide) in paragraph at lines 1174--1175
[][][][][][][][][][][][][][][][][][][][][][][][] 
 []


Overfull \hbox (110.12018pt too wide) in paragraph at lines 1175--1176
[][][][][][][][][][][][][][][][][][][][][][] 
 []


Overfull \hbox (2.11908pt too wide) in paragraph at lines 1176--1177
[][][][][][][][][][][][][][] 
 []


Overfull \hbox (23.7193pt too wide) in paragraph at lines 1177--1178
[][][][][][][][][][][][][][][][][][][][][] 
 []

Package atveryend Info: Empty hook `BeforeClearDocument' on input line 1180.
[22]
Package atveryend Info: Empty hook `AfterLastShipout' on input line 1180.
 (./document.aux)
Package atveryend Info: Executing hook `AtVeryEndDocument' on input line 1180.
Package atveryend Info: Executing hook `AtEndAfterFileList' on input line 1180.

Package rerunfilecheck Info: File `document.out' has not changed.
(rerunfilecheck)             Checksum: 69544F128721BCE0CF8555BA454107BD;1135.


LaTeX Warning: There were multiply-defined labels.

Package atveryend Info: Empty hook `AtVeryVeryEnd' on input line 1180.
 )
(\end occurred inside a group at level 1)

### simple group (level 1) entered at line 447 ({)
### bottom level 
Here is how much of TeX's memory you used:
 10167 strings out of 493014
 152136 string characters out of 6133352
 298066 words of memory out of 5000000
 12741 multiletter control sequences out of 15000+600000
 20821 words of font info for 45 fonts, out of 8000000 for 9000
 1141 hyphenation exceptions out of 8191
 44i,19n,49p,1165b,1878s stack positions out of 5000i,500n,10000p,200000b,80000s
{/usr/local/texlive/2016/texmf-dist/fonts/enc/dvips/base/8r.enc
}</usr/local/texlive/2016/texmf-dist/fonts/type1/public/amsfonts/cm/cmex10.pfb>
</usr/local/texlive/2016/texmf-dist/fonts/type1/public/amsfonts/cmextra/cmex7.p
fb></usr/local/texlive/2016/texmf-dist/fonts/type1/public/amsfonts/cm/cmmi10.pf
b></usr/local/texlive/2016/texmf-dist/fonts/type1/public/amsfonts/cm/cmmi5.pfb>
</usr/local/texlive/2016/texmf-dist/fonts/type1/public/amsfonts/cm/cmmi7.pfb></
usr/local/texlive/2016/texmf-dist/fonts/type1/public/amsfonts/cm/cmmi9.pfb></us
r/local/texlive/2016/texmf-dist/fonts/type1/public/amsfonts/cm/cmr10.pfb></usr/
local/texlive/2016/texmf-dist/fonts/type1/public/amsfonts/cm/cmr5.pfb></usr/loc
al/texlive/2016/texmf-dist/fonts/type1/public/amsfonts/cm/cmr7.pfb></usr/local/
texlive/2016/texmf-dist/fonts/type1/public/amsfonts/cm/cmsy10.pfb></usr/local/t
exlive/2016/texmf-dist/fonts/type1/public/amsfonts/cm/cmsy5.pfb></usr/local/tex
live/2016/texmf-dist/fonts/type1/public/amsfonts/cm/cmsy7.pfb></usr/local/texli
ve/2016/texmf-dist/fonts/type1/public/amsfonts/cm/cmsy9.pfb></usr/local/texlive
/2016/texmf-dist/fonts/type1/urw/courier/ucrr8a.pfb></usr/local/texlive/2016/te
xmf-dist/fonts/type1/urw/times/utmb8a.pfb></usr/local/texlive/2016/texmf-dist/f
onts/type1/urw/times/utmr8a.pfb></usr/local/texlive/2016/texmf-dist/fonts/type1
/urw/times/utmri8a.pfb>
Output written on document.pdf (22 pages, 871736 bytes).
PDF statistics:
 1298 PDF objects out of 1440 (max. 8388607)
 1169 compressed objects within 12 object streams
 828 named destinations out of 1000 (max. 500000)
 327 words of extra memory for PDF output out of 10000 (max. 10000000)

